#! /c/Source/iverilog-install/bin/vvp
:ivl_version "12.0 (devel)" "(s20150603-1539-g2693dd32b)";
:ivl_delay_selection "TYPICAL";
:vpi_time_precision + 0;
:vpi_module "D:\iverilog\lib\ivl\system.vpi";
:vpi_module "D:\iverilog\lib\ivl\vhdl_sys.vpi";
:vpi_module "D:\iverilog\lib\ivl\vhdl_textio.vpi";
:vpi_module "D:\iverilog\lib\ivl\v2005_math.vpi";
:vpi_module "D:\iverilog\lib\ivl\va_math.vpi";
:vpi_module "D:\iverilog\lib\ivl\v2009.vpi";
S_0000024873286a50 .scope package, "$unit" "$unit" 2 1;
 .timescale 0 0;
S_0000024873286be0 .scope module, "fifo" "fifo" 3 1;
 .timescale 0 0;
    .port_info 0 /INPUT 1 "clk_i";
    .port_info 1 /INPUT 1 "reset_i";
    .port_info 2 /INPUT 1 "wvalid_i";
    .port_info 3 /OUTPUT 1 "wready_o";
    .port_info 4 /INPUT 8 "data_i";
    .port_info 5 /INPUT 1 "rready_i";
    .port_info 6 /OUTPUT 1 "rvalid_o";
    .port_info 7 /OUTPUT 8 "data_o";
    .port_info 8 /OUTPUT 1 "is_full_o";
    .port_info 9 /OUTPUT 1 "is_empty_o";
P_00000248732870b0 .param/l "DataWidth" 0 3 2, C4<00000000000000000000000000001000>;
P_00000248732870e8 .param/l "Depth" 0 3 3, C4<00000000000000000000000000010000>;
L_0000024873321978 .functor BUFT 1, C4<00000000000000000000000000010000>, C4<0>, C4<0>, C4<0>;
v0000024873287250_0 .net/2u *"_ivl_0", 31 0, L_0000024873321978;  1 drivers
L_0000024873321a50 .functor BUFT 1, C4<00000000000000000000000000010000>, C4<0>, C4<0>, C4<0>;
v00000248732874e0_0 .net/2u *"_ivl_12", 31 0, L_0000024873321a50;  1 drivers
L_00000248733219c0 .functor BUFT 1, C4<00000000000000000000000000000000>, C4<0>, C4<0>, C4<0>;
v0000024873286d70_0 .net/2s *"_ivl_4", 31 0, L_00000248733219c0;  1 drivers
L_0000024873321a08 .functor BUFT 1, C4<00000000000000000000000000000000>, C4<0>, C4<0>, C4<0>;
v0000024873286e10_0 .net/2s *"_ivl_8", 31 0, L_0000024873321a08;  1 drivers
o00000248732dc098 .functor BUFZ 1, C4<z>; HiZ drive
v00000248732d3880_0 .net "clk_i", 0 0, o00000248732dc098;  0 drivers
v00000248732d3920_0 .var/2s "count", 31 0;
o00000248732dc0f8 .functor BUFZ 8, C4<zzzzzzzz>; HiZ drive
v00000248732d39c0_0 .net "data_i", 7 0, o00000248732dc0f8;  0 drivers
v00000248732d3a60_0 .var "data_o", 7 0;
v00000248732d3b00 .array "file", 0 15, 7 0;
v00000248732d3ba0_0 .net "is_empty_o", 0 0, L_00000248733213e0;  1 drivers
v00000248732d3c40_0 .net "is_full_o", 0 0, L_0000024873321700;  1 drivers
v0000024873320e40_0 .var/2s "read_ptr", 31 0;
o00000248732dc1e8 .functor BUFZ 1, C4<z>; HiZ drive
v0000024873321520_0 .net "reset_i", 0 0, o00000248732dc1e8;  0 drivers
o00000248732dc218 .functor BUFZ 1, C4<z>; HiZ drive
v00000248733215c0_0 .net "rready_i", 0 0, o00000248732dc218;  0 drivers
v0000024873321660_0 .net "rvalid_o", 0 0, L_00000248733210c0;  1 drivers
v0000024873320bc0_0 .net "wready_o", 0 0, L_0000024873321200;  1 drivers
v0000024873320b20_0 .var/2s "write_ptr", 31 0;
o00000248732dc2d8 .functor BUFZ 1, C4<z>; HiZ drive
v0000024873320d00_0 .net "wvalid_i", 0 0, o00000248732dc2d8;  0 drivers
E_00000248732c64d0 .event posedge, v00000248732d3880_0;
L_0000024873321700 .cmp/eq 32, v00000248732d3920_0, L_0000024873321978;
L_00000248733213e0 .cmp/eq 32, v00000248732d3920_0, L_00000248733219c0;
L_00000248733210c0 .cmp/gt.s 32, v00000248732d3920_0, L_0000024873321a08;
L_0000024873321200 .cmp/gt 32, L_0000024873321a50, v00000248732d3920_0;
    .scope S_0000024873286be0;
T_0 ;
    %wait E_00000248732c64d0;
    %load/vec4 v0000024873321520_0;
    %flag_set/vec4 8;
    %jmp/0xz  T_0.0, 8;
    %pushi/vec4 0, 0, 32;
    %assign/vec4 v0000024873320b20_0, 0;
    %pushi/vec4 0, 0, 32;
    %assign/vec4 v00000248732d3920_0, 0;
    %jmp T_0.1;
T_0.0 ;
    %load/vec4 v0000024873320d00_0;
    %load/vec4 v0000024873320bc0_0;
    %and;
    %flag_set/vec4 8;
    %jmp/0xz  T_0.2, 8;
    %load/vec4 v00000248732d39c0_0;
    %ix/getv/s 3, v0000024873320b20_0;
    %ix/load 4, 0, 0; Constant delay
    %assign/vec4/a/d v00000248732d3b00, 0, 4;
    %load/vec4 v0000024873320b20_0;
    %addi 1, 0, 32;
    %cast2;
    %assign/vec4 v0000024873320b20_0, 0;
    %load/vec4 v00000248732d3920_0;
    %addi 1, 0, 32;
    %cast2;
    %assign/vec4 v00000248732d3920_0, 0;
T_0.2 ;
T_0.1 ;
    %jmp T_0;
    .thread T_0;
    .scope S_0000024873286be0;
T_1 ;
    %wait E_00000248732c64d0;
    %load/vec4 v0000024873321520_0;
    %flag_set/vec4 8;
    %jmp/0xz  T_1.0, 8;
    %pushi/vec4 0, 0, 32;
    %assign/vec4 v0000024873320e40_0, 0;
    %pushi/vec4 0, 0, 8;
    %assign/vec4 v00000248732d3a60_0, 0;
    %pushi/vec4 0, 0, 32;
    %assign/vec4 v00000248732d3920_0, 0;
    %jmp T_1.1;
T_1.0 ;
    %load/vec4 v00000248733215c0_0;
    %load/vec4 v0000024873321660_0;
    %and;
    %flag_set/vec4 8;
    %jmp/0xz  T_1.2, 8;
    %ix/getv/s 4, v0000024873320e40_0;
    %load/vec4a v00000248732d3b00, 4;
    %assign/vec4 v00000248732d3a60_0, 0;
    %load/vec4 v0000024873320e40_0;
    %addi 1, 0, 32;
    %cast2;
    %assign/vec4 v0000024873320e40_0, 0;
    %load/vec4 v00000248732d3920_0;
    %subi 1, 0, 32;
    %cast2;
    %assign/vec4 v00000248732d3920_0, 0;
T_1.2 ;
T_1.1 ;
    %jmp T_1;
    .thread T_1;
# The file index is used to find the file name in the following table.
:file_names 4;
    "N/A";
    "<interactive>";
    "-";
    ".\fifo.sv";
