#! /c/Source/iverilog-install/bin/vvp
:ivl_version "12.0 (devel)" "(s20150603-1539-g2693dd32b)";
:ivl_delay_selection "TYPICAL";
:vpi_time_precision + 0;
:vpi_module "D:\iverilog\lib\ivl\system.vpi";
:vpi_module "D:\iverilog\lib\ivl\vhdl_sys.vpi";
:vpi_module "D:\iverilog\lib\ivl\vhdl_textio.vpi";
:vpi_module "D:\iverilog\lib\ivl\v2005_math.vpi";
:vpi_module "D:\iverilog\lib\ivl\va_math.vpi";
S_000001f841ed6810 .scope module, "dma_top" "dma_top" 2 1;
 .timescale 0 0;
    .port_info 0 /INPUT 1 "clock";
    .port_info 1 /INPUT 1 "reset";
    .port_info 2 /INPUT 65 "src";
    .port_info 3 /INPUT 65 "dest";
    .port_info 4 /INPUT 17 "size";
o000001f841de6a78 .functor BUFZ 1, C4<z>; HiZ drive
v000001f841ed6d60_0 .net "clock", 0 0, o000001f841de6a78;  0 drivers
o000001f841de6aa8 .functor BUFZ 65, C4<zzzzzzzzzzzzzzzzzzzzzzzzzzzzzzzzzzzzzzzzzzzzzzzzzzzzzzzzzzzzzzzzz>; HiZ drive
v000001f841ed69a0_0 .net "dest", 64 0, o000001f841de6aa8;  0 drivers
o000001f841de6ad8 .functor BUFZ 1, C4<z>; HiZ drive
v000001f841ed6a40_0 .net "reset", 0 0, o000001f841de6ad8;  0 drivers
o000001f841de6b08 .functor BUFZ 17, C4<zzzzzzzzzzzzzzzzz>; HiZ drive
v000001f841ed6ae0_0 .net "size", 16 0, o000001f841de6b08;  0 drivers
o000001f841de6b38 .functor BUFZ 65, C4<zzzzzzzzzzzzzzzzzzzzzzzzzzzzzzzzzzzzzzzzzzzzzzzzzzzzzzzzzzzzzzzzz>; HiZ drive
v000001f841de0630_0 .net "src", 64 0, o000001f841de6b38;  0 drivers
# The file index is used to find the file name in the following table.
:file_names 3;
    "N/A";
    "<interactive>";
    ".\dma_top.sv";
